ARM GAS  C:\Users\Andrew\AppData\Local\Temp\ccgfwg9f.s 			page 1


   1              		.cpu cortex-m7
   2              		.eabi_attribute 28, 1
   3              		.eabi_attribute 20, 1
   4              		.eabi_attribute 21, 1
   5              		.eabi_attribute 23, 3
   6              		.eabi_attribute 24, 1
   7              		.eabi_attribute 25, 1
   8              		.eabi_attribute 26, 1
   9              		.eabi_attribute 30, 2
  10              		.eabi_attribute 34, 1
  11              		.eabi_attribute 18, 4
  12              		.file	"main.c"
  13              		.text
  14              		.section	.text.daisy_seed_init,"ax",%progbits
  15              		.align	1
  16              		.p2align 2,,3
  17              		.global	daisy_seed_init
  18              		.arch armv7e-m
  19              		.syntax unified
  20              		.thumb
  21              		.thumb_func
  22              		.fpu fpv5-d16
  24              	daisy_seed_init:
  25              		@ args = 0, pretend = 0, frame = 8
  26              		@ frame_needed = 0, uses_anonymous_args = 0
  27 0000 2DE9F047 		push	{r4, r5, r6, r7, r8, r9, r10, lr}
  28 0004 0446     		mov	r4, r0
  29 0006 4FF00A0E 		mov	lr, #10
  30 000a 0022     		movs	r2, #0
  31 000c 0121     		movs	r1, #1
  32 000e 0520     		movs	r0, #5
  33 0010 4FF0020C 		mov	ip, #2
  34 0014 0427     		movs	r7, #4
  35 0016 0623     		movs	r3, #6
  36 0018 0726     		movs	r6, #7
  37 001a 4FF00808 		mov	r8, #8
  38 001e 0925     		movs	r5, #9
  39 0020 4FF00309 		mov	r9, #3
  40 0024 82B0     		sub	sp, sp, #8
  41 0026 84F80EE0 		strb	lr, [r4, #14]
  42 002a DFF8C4A1 		ldr	r10, .L8
  43 002e 4FF00B0E 		mov	lr, #11
  44 0032 2171     		strb	r1, [r4, #4]
  45 0034 A174     		strb	r1, [r4, #18]
  46 0036 E270     		strb	r2, [r4, #3]
  47 0038 2270     		strb	r2, [r4]
  48 003a 2275     		strb	r2, [r4, #20]
  49 003c A275     		strb	r2, [r4, #22]
  50 003e 6071     		strb	r0, [r4, #5]
  51 0040 E071     		strb	r0, [r4, #7]
  52 0042 6072     		strb	r0, [r4, #9]
  53 0044 E072     		strb	r0, [r4, #11]
  54 0046 6073     		strb	r0, [r4, #13]
  55 0048 A070     		strb	r0, [r4, #2]
  56 004a E077     		strb	r0, [r4, #31]
  57 004c 2572     		strb	r5, [r4, #8]
  58 004e A672     		strb	r6, [r4, #10]
ARM GAS  C:\Users\Andrew\AppData\Local\Temp\ccgfwg9f.s 			page 2


  59 0050 6670     		strb	r6, [r4, #1]
  60 0052 2373     		strb	r3, [r4, #12]
  61 0054 E373     		strb	r3, [r4, #15]
  62 0056 2374     		strb	r3, [r4, #16]
  63 0058 84F82130 		strb	r3, [r4, #33]
  64 005c 84F80680 		strb	r8, [r4, #6]
  65 0060 84F811C0 		strb	ip, [r4, #17]
  66 0064 84F818C0 		strb	ip, [r4, #24]
  67 0068 84F81BC0 		strb	ip, [r4, #27]
  68 006c A776     		strb	r7, [r4, #26]
  69 006e 2777     		strb	r7, [r4, #28]
  70 0070 6777     		strb	r7, [r4, #29]
  71 0072 A777     		strb	r7, [r4, #30]
  72 0074 84F82070 		strb	r7, [r4, #32]
  73 0078 84F82270 		strb	r7, [r4, #34]
  74 007c 84F82390 		strb	r9, [r4, #35]
  75 0080 E174     		strb	r1, [r4, #19]
  76 0082 6275     		strb	r2, [r4, #21]
  77 0084 E175     		strb	r1, [r4, #23]
  78 0086 84F82420 		strb	r2, [r4, #36]
  79 008a 84F82510 		strb	r1, [r4, #37]
  80 008e 84F82630 		strb	r3, [r4, #38]
  81 0092 84F82750 		strb	r5, [r4, #39]
  82 0096 84F82820 		strb	r2, [r4, #40]
  83 009a 84F82C20 		strb	r2, [r4, #44]
  84 009e 84F82D20 		strb	r2, [r4, #45]
  85 00a2 84F82E20 		strb	r2, [r4, #46]
  86 00a6 84F83310 		strb	r1, [r4, #51]
  87 00aa 84F82F10 		strb	r1, [r4, #47]
  88 00ae 84F83110 		strb	r1, [r4, #49]
  89 00b2 84F83250 		strb	r5, [r4, #50]
  90 00b6 1546     		mov	r5, r2
  91 00b8 84F83410 		strb	r1, [r4, #52]
  92 00bc 84F83910 		strb	r1, [r4, #57]
  93 00c0 84F83560 		strb	r6, [r4, #53]
  94 00c4 84F83710 		strb	r1, [r4, #55]
  95 00c8 84F83A20 		strb	r2, [r4, #58]
  96 00cc 84F83B30 		strb	r3, [r4, #59]
  97 00d0 04F15003 		add	r3, r4, #80
  98 00d4 84F83D00 		strb	r0, [r4, #61]
  99 00d8 84F83E10 		strb	r1, [r4, #62]
 100 00dc 84F83F10 		strb	r1, [r4, #63]
 101 00e0 84F84020 		strb	r2, [r4, #64]
 102 00e4 84F82BE0 		strb	lr, [r4, #43]
 103 00e8 84F819C0 		strb	ip, [r4, #25]
 104 00ec 84F829C0 		strb	ip, [r4, #41]
 105 00f0 84F82A90 		strb	r9, [r4, #42]
 106 00f4 84F83080 		strb	r8, [r4, #48]
 107 00f8 84F83670 		strb	r7, [r4, #54]
 108 00fc 84F83CC0 		strb	ip, [r4, #60]
 109 0100 84F838E0 		strb	lr, [r4, #56]
 110 0104 04F1580E 		add	lr, r4, #88
 111 0108 84F84160 		strb	r6, [r4, #65]
 112 010c 0DEB0106 		add	r6, sp, r1
 113 0110 84F84320 		strb	r2, [r4, #67]
 114 0114 84F84510 		strb	r1, [r4, #69]
 115 0118 84F84620 		strb	r2, [r4, #70]
ARM GAS  C:\Users\Andrew\AppData\Local\Temp\ccgfwg9f.s 			page 3


 116 011c 84F84820 		strb	r2, [r4, #72]
 117 0120 84F84920 		strb	r2, [r4, #73]
 118 0124 84F84A20 		strb	r2, [r4, #74]
 119 0128 84F84B10 		strb	r1, [r4, #75]
 120 012c 84F84C20 		strb	r2, [r4, #76]
 121 0130 84F84E20 		strb	r2, [r4, #78]
 122 0134 0DEB0802 		add	r2, sp, r8
 123 0138 84F84F00 		strb	r0, [r4, #79]
 124 013c 84F842C0 		strb	ip, [r4, #66]
 125 0140 84F844C0 		strb	ip, [r4, #68]
 126 0144 84F84790 		strb	r9, [r4, #71]
 127 0148 84F84D70 		strb	r7, [r4, #77]
 128 014c 84F85B80 		strb	r8, [r4, #91]
 129 0150 9AE80300 		ldm	r10, {r0, r1}
 130 0154 02E90300 		stmdb	r2, {r0, r1}
 131 0158 01E0     		b	.L3
 132              	.L7:
 133 015a 16F8015B 		ldrb	r5, [r6], #1	@ zero_extendqisi2
 134              	.L3:
 135 015e 03F8015B 		strb	r5, [r3], #1
 136 0162 7345     		cmp	r3, lr
 137 0164 F9D1     		bne	.L7
 138 0166 0022     		movs	r2, #0
 139 0168 0123     		movs	r3, #1
 140 016a 0621     		movs	r1, #6
 141 016c 0720     		movs	r0, #7
 142 016e 84F85C20 		strb	r2, [r4, #92]
 143 0172 0427     		movs	r7, #4
 144 0174 84F85E20 		strb	r2, [r4, #94]
 145 0178 0526     		movs	r6, #5
 146 017a 84F86020 		strb	r2, [r4, #96]
 147 017e 0225     		movs	r5, #2
 148 0180 0E22     		movs	r2, #14
 149 0182 84F85D30 		strb	r3, [r4, #93]
 150 0186 84F86430 		strb	r3, [r4, #100]
 151 018a 84F86720 		strb	r2, [r4, #103]
 152 018e 84F86830 		strb	r3, [r4, #104]
 153 0192 84F86610 		strb	r1, [r4, #102]
 154 0196 84F86300 		strb	r0, [r4, #99]
 155 019a 84F85F70 		strb	r7, [r4, #95]
 156 019e 84F86160 		strb	r6, [r4, #97]
 157 01a2 84F86250 		strb	r5, [r4, #98]
 158 01a6 FFF7FEFF 		bl	dsy_system_init
 159 01aa 2046     		mov	r0, r4
 160 01ac FFF7FEFF 		bl	dsy_sdram_init
 161 01b0 E01C     		adds	r0, r4, #3
 162 01b2 FFF7FEFF 		bl	dsy_qspi_init
 163 01b6 04F16200 		add	r0, r4, #98
 164 01ba FFF7FEFF 		bl	dsy_gpio_init
 165 01be 04F16600 		add	r0, r4, #102
 166 01c2 FFF7FEFF 		bl	dsy_gpio_init
 167 01c6 04F13A00 		add	r0, r4, #58
 168 01ca FFF7FEFF 		bl	dsy_adc_init
 169 01ce 04F15C00 		add	r0, r4, #92
 170 01d2 0321     		movs	r1, #3
 171 01d4 FFF7FEFF 		bl	dsy_dac_init
 172 01d8 04F12E02 		add	r2, r4, #46
ARM GAS  C:\Users\Andrew\AppData\Local\Temp\ccgfwg9f.s 			page 4


 173 01dc 04F13401 		add	r1, r4, #52
 174 01e0 04F11100 		add	r0, r4, #17
 175 01e4 02B0     		add	sp, sp, #8
 176              		@ sp needed
 177 01e6 BDE8F047 		pop	{r4, r5, r6, r7, r8, r9, r10, lr}
 178 01ea FFF7FEBF 		b	dsy_audio_init
 179              	.L9:
 180 01ee 00BF     		.align	2
 181              	.L8:
 182 01f0 00000000 		.word	.LANCHOR0
 184              		.section	.text.startup.main,"ax",%progbits
 185              		.align	1
 186              		.p2align 2,,3
 187              		.global	main
 188              		.syntax unified
 189              		.thumb
 190              		.thumb_func
 191              		.fpu fpv5-d16
 193              	main:
 194              		@ Volatile: function does not return.
 195              		@ args = 0, pretend = 0, frame = 0
 196              		@ frame_needed = 0, uses_anonymous_args = 0
 197 0000 0248     		ldr	r0, .L13
 198 0002 08B5     		push	{r3, lr}
 199 0004 FFF7FEFF 		bl	daisy_seed_init
 200              	.L11:
 201 0008 FEE7     		b	.L11
 202              	.L14:
 203 000a 00BF     		.align	2
 204              	.L13:
 205 000c 00000000 		.word	.LANCHOR1
 207              		.section	.rodata
 208              		.align	2
 209              		.set	.LANCHOR0,. + 0
 210              	.LC0:
 211 0000 00040305 		.ascii	"\000\004\003\005\001\002\006\010"
 211      01020608 
 212              		.section	.bss.seed,"aw",%nobits
 213              		.align	2
 214              		.set	.LANCHOR1,. + 0
 217              	seed:
 218 0000 00000000 		.space	106
 218      00000000 
 218      00000000 
 218      00000000 
 218      00000000 
 219              		.ident	"GCC: (GNU Tools for Arm Embedded Processors 9-2019-q4-major) 9.2.1 20191025 (release) [ARM
ARM GAS  C:\Users\Andrew\AppData\Local\Temp\ccgfwg9f.s 			page 5


DEFINED SYMBOLS
                            *ABS*:00000000 main.c
C:\Users\Andrew\AppData\Local\Temp\ccgfwg9f.s:15     .text.daisy_seed_init:00000000 $t
C:\Users\Andrew\AppData\Local\Temp\ccgfwg9f.s:24     .text.daisy_seed_init:00000000 daisy_seed_init
C:\Users\Andrew\AppData\Local\Temp\ccgfwg9f.s:182    .text.daisy_seed_init:000001f0 $d
C:\Users\Andrew\AppData\Local\Temp\ccgfwg9f.s:185    .text.startup.main:00000000 $t
C:\Users\Andrew\AppData\Local\Temp\ccgfwg9f.s:193    .text.startup.main:00000000 main
C:\Users\Andrew\AppData\Local\Temp\ccgfwg9f.s:205    .text.startup.main:0000000c $d
C:\Users\Andrew\AppData\Local\Temp\ccgfwg9f.s:208    .rodata:00000000 $d
C:\Users\Andrew\AppData\Local\Temp\ccgfwg9f.s:213    .bss.seed:00000000 $d
C:\Users\Andrew\AppData\Local\Temp\ccgfwg9f.s:217    .bss.seed:00000000 seed

UNDEFINED SYMBOLS
dsy_system_init
dsy_sdram_init
dsy_qspi_init
dsy_gpio_init
dsy_adc_init
dsy_dac_init
dsy_audio_init
