ARM GAS  C:\Users\Andrew\AppData\Local\Temp\ccoxqxB7.s 			page 1


   1              		.cpu cortex-m7
   2              		.eabi_attribute 28, 1
   3              		.eabi_attribute 20, 1
   4              		.eabi_attribute 21, 1
   5              		.eabi_attribute 23, 3
   6              		.eabi_attribute 24, 1
   7              		.eabi_attribute 25, 1
   8              		.eabi_attribute 26, 1
   9              		.eabi_attribute 30, 2
  10              		.eabi_attribute 34, 1
  11              		.eabi_attribute 18, 4
  12              		.file	"system_stm32h7xx.c"
  13              		.text
  14              		.section	.text.SystemInit,"ax",%progbits
  15              		.align	1
  16              		.p2align 2,,3
  17              		.global	SystemInit
  18              		.arch armv7e-m
  19              		.syntax unified
  20              		.thumb
  21              		.thumb_func
  22              		.fpu fpv5-d16
  24              	SystemInit:
  25              		@ args = 0, pretend = 0, frame = 0
  26              		@ frame_needed = 0, uses_anonymous_args = 0
  27              		@ link register save eliminated.
  28 0000 30B4     		push	{r4, r5}
  29 0002 194C     		ldr	r4, .L5
  30 0004 0022     		movs	r2, #0
  31 0006 194B     		ldr	r3, .L5+4
  32 0008 D4F88810 		ldr	r1, [r4, #136]
  33 000c 1848     		ldr	r0, .L5+8
  34 000e 41F47001 		orr	r1, r1, #15728640
  35 0012 184D     		ldr	r5, .L5+12
  36 0014 C4F88810 		str	r1, [r4, #136]
  37 0018 1C68     		ldr	r4, [r3]
  38 001a 1749     		ldr	r1, .L5+16
  39 001c 44F00104 		orr	r4, r4, #1
  40 0020 1C60     		str	r4, [r3]
  41 0022 1A61     		str	r2, [r3, #16]
  42 0024 1C68     		ldr	r4, [r3]
  43 0026 2040     		ands	r0, r0, r4
  44 0028 1860     		str	r0, [r3]
  45 002a 9A61     		str	r2, [r3, #24]
  46 002c DA61     		str	r2, [r3, #28]
  47 002e 1A62     		str	r2, [r3, #32]
  48 0030 9A62     		str	r2, [r3, #40]
  49 0032 DA62     		str	r2, [r3, #44]
  50 0034 1A63     		str	r2, [r3, #48]
  51 0036 5A63     		str	r2, [r3, #52]
  52 0038 9A63     		str	r2, [r3, #56]
  53 003a DA63     		str	r2, [r3, #60]
  54 003c 1A64     		str	r2, [r3, #64]
  55 003e 5A64     		str	r2, [r3, #68]
  56 0040 1868     		ldr	r0, [r3]
  57 0042 20F48020 		bic	r0, r0, #262144
  58 0046 1860     		str	r0, [r3]
ARM GAS  C:\Users\Andrew\AppData\Local\Temp\ccoxqxB7.s 			page 2


  59 0048 1A66     		str	r2, [r3, #96]
  60 004a 2B68     		ldr	r3, [r5]
  61 004c 1940     		ands	r1, r1, r3
  62 004e B1F1005F 		cmp	r1, #536870912
  63 0052 02D2     		bcs	.L2
  64 0054 094B     		ldr	r3, .L5+20
  65 0056 0122     		movs	r2, #1
  66 0058 1A60     		str	r2, [r3]
  67              	.L2:
  68 005a 034B     		ldr	r3, .L5
  69 005c 4FF00062 		mov	r2, #134217728
  70 0060 30BC     		pop	{r4, r5}
  71 0062 9A60     		str	r2, [r3, #8]
  72 0064 7047     		bx	lr
  73              	.L6:
  74 0066 00BF     		.align	2
  75              	.L5:
  76 0068 00ED00E0 		.word	-536810240
  77 006c 00440258 		.word	1476543488
  78 0070 7FEDF6EA 		.word	-352916097
  79 0074 0010005C 		.word	1543507968
  80 0078 0000FFFF 		.word	-65536
  81 007c 08810051 		.word	1358987528
  83              		.section	.text.SystemCoreClockUpdate,"ax",%progbits
  84              		.align	1
  85              		.p2align 2,,3
  86              		.global	SystemCoreClockUpdate
  87              		.syntax unified
  88              		.thumb
  89              		.thumb_func
  90              		.fpu fpv5-d16
  92              	SystemCoreClockUpdate:
  93              		@ args = 0, pretend = 0, frame = 0
  94              		@ frame_needed = 0, uses_anonymous_args = 0
  95              		@ link register save eliminated.
  96 0000 494A     		ldr	r2, .L23
  97 0002 1369     		ldr	r3, [r2, #16]
  98 0004 03F03803 		and	r3, r3, #56
  99 0008 102B     		cmp	r3, #16
 100 000a 30B4     		push	{r4, r5}
 101 000c 17D0     		beq	.L14
 102 000e 182B     		cmp	r3, #24
 103 0010 1ED0     		beq	.L9
 104 0012 B3B1     		cbz	r3, .L21
 105 0014 454B     		ldr	r3, .L23+4
 106              	.L8:
 107 0016 4448     		ldr	r0, .L23
 108 0018 4549     		ldr	r1, .L23+8
 109 001a 8269     		ldr	r2, [r0, #24]
 110 001c 454D     		ldr	r5, .L23+12
 111 001e C2F30322 		ubfx	r2, r2, #8, #4
 112 0022 454C     		ldr	r4, .L23+16
 113 0024 8A5C     		ldrb	r2, [r1, r2]	@ zero_extendqisi2
 114 0026 D340     		lsrs	r3, r3, r2
 115 0028 2B60     		str	r3, [r5]
 116 002a 8269     		ldr	r2, [r0, #24]
 117 002c 02F00F02 		and	r2, r2, #15
ARM GAS  C:\Users\Andrew\AppData\Local\Temp\ccoxqxB7.s 			page 3


 118 0030 8A5C     		ldrb	r2, [r1, r2]	@ zero_extendqisi2
 119 0032 02F01F02 		and	r2, r2, #31
 120 0036 D340     		lsrs	r3, r3, r2
 121 0038 2360     		str	r3, [r4]
 122 003a 30BC     		pop	{r4, r5}
 123 003c 7047     		bx	lr
 124              	.L14:
 125 003e 3F4B     		ldr	r3, .L23+20
 126 0040 E9E7     		b	.L8
 127              	.L21:
 128 0042 1368     		ldr	r3, [r2]
 129 0044 3E4A     		ldr	r2, .L23+24
 130 0046 C3F3C103 		ubfx	r3, r3, #3, #2
 131 004a 22FA03F3 		lsr	r3, r2, r3
 132 004e E2E7     		b	.L8
 133              	.L9:
 134 0050 906A     		ldr	r0, [r2, #40]
 135 0052 946A     		ldr	r4, [r2, #40]
 136 0054 D16A     		ldr	r1, [r2, #44]
 137 0056 14F47C7F 		tst	r4, #1008
 138 005a C4F30513 		ubfx	r3, r4, #4, #6
 139 005e 556B     		ldr	r5, [r2, #52]
 140 0060 D9D0     		beq	.L8
 141 0062 C5F3CC05 		ubfx	r5, r5, #3, #13
 142 0066 01F00101 		and	r1, r1, #1
 143 006a 00F00300 		and	r0, r0, #3
 144 006e 01FB05F1 		mul	r1, r1, r5
 145 0072 0128     		cmp	r0, #1
 146 0074 07EE901A 		vmov	s15, r1	@ int
 147 0078 F8EEE77A 		vcvt.f32.s32	s15, s15
 148 007c 02D0     		beq	.L12
 149 007e 0228     		cmp	r0, #2
 150 0080 29D0     		beq	.L11
 151 0082 78B3     		cbz	r0, .L22
 152              	.L12:
 153 0084 07EE103A 		vmov	s14, r3	@ int
 154 0088 9FED2E5A 		vldr.32	s10, .L23+28
 155 008c F8EEC76A 		vcvt.f32.s32	s13, s14
 156              	.L20:
 157 0090 136B     		ldr	r3, [r2, #48]
 158 0092 85EE267A 		vdiv.f32	s14, s10, s13
 159 0096 DFED2C5A 		vldr.32	s11, .L23+32
 160 009a C3F30803 		ubfx	r3, r3, #0, #9
 161 009e 06EE903A 		vmov	s13, r3	@ int
 162 00a2 B7EE006A 		vmov.f32	s12, #1.0e+0
 163 00a6 F8EEE66A 		vcvt.f32.s32	s13, s13
 164 00aa E7EEA56A 		vfma.f32	s13, s15, s11
 165 00ae 76EE867A 		vadd.f32	s15, s13, s12
 166 00b2 27EE277A 		vmul.f32	s14, s14, s15
 167              	.L13:
 168 00b6 1C4B     		ldr	r3, .L23
 169 00b8 1B6B     		ldr	r3, [r3, #48]
 170 00ba C3F34623 		ubfx	r3, r3, #9, #7
 171 00be 0133     		adds	r3, r3, #1
 172 00c0 07EE903A 		vmov	s15, r3	@ int
 173 00c4 F8EEE77A 		vcvt.f32.s32	s15, s15
 174 00c8 C7EE276A 		vdiv.f32	s13, s14, s15
ARM GAS  C:\Users\Andrew\AppData\Local\Temp\ccoxqxB7.s 			page 4


 175 00cc FCEEE67A 		vcvt.u32.f32	s15, s13
 176 00d0 17EE903A 		vmov	r3, s15	@ int
 177 00d4 9FE7     		b	.L8
 178              	.L11:
 179 00d6 07EE103A 		vmov	s14, r3	@ int
 180 00da 9FED1C5A 		vldr.32	s10, .L23+36
 181 00de F8EEC76A 		vcvt.f32.s32	s13, s14
 182 00e2 D5E7     		b	.L20
 183              	.L22:
 184 00e4 1068     		ldr	r0, [r2]
 185 00e6 07EE103A 		vmov	s14, r3	@ int
 186 00ea 1549     		ldr	r1, .L23+24
 187 00ec F7EE005A 		vmov.f32	s11, #1.0e+0
 188 00f0 C0F3C100 		ubfx	r0, r0, #3, #2
 189 00f4 F8EEC74A 		vcvt.f32.s32	s9, s14
 190 00f8 136B     		ldr	r3, [r2, #48]
 191 00fa C140     		lsrs	r1, r1, r0
 192 00fc 9FED125A 		vldr.32	s10, .L23+32
 193 0100 C3F30803 		ubfx	r3, r3, #0, #9
 194 0104 06EE901A 		vmov	s13, r1	@ int
 195 0108 07EE103A 		vmov	s14, r3	@ int
 196 010c F8EEE66A 		vcvt.f32.s32	s13, s13
 197 0110 B8EEC77A 		vcvt.f32.s32	s14, s14
 198 0114 86EEA46A 		vdiv.f32	s12, s13, s9
 199 0118 A7EE857A 		vfma.f32	s14, s15, s10
 200 011c 37EE257A 		vadd.f32	s14, s14, s11
 201 0120 27EE067A 		vmul.f32	s14, s14, s12
 202 0124 C7E7     		b	.L13
 203              	.L24:
 204 0126 00BF     		.align	2
 205              	.L23:
 206 0128 00440258 		.word	1476543488
 207 012c 00093D00 		.word	4000000
 208 0130 00000000 		.word	.LANCHOR0
 209 0134 00000000 		.word	.LANCHOR1
 210 0138 00000000 		.word	.LANCHOR2
 211 013c 40787D01 		.word	25000000
 212 0140 0090D003 		.word	64000000
 213 0144 0024744A 		.word	1249125376
 214 0148 00000039 		.word	956301312
 215 014c 20BCBE4B 		.word	1270791200
 217              		.global	D1CorePrescTable
 218              		.global	SystemD2Clock
 219              		.global	SystemCoreClock
 220              		.section	.data.SystemCoreClock,"aw"
 221              		.align	2
 222              		.set	.LANCHOR1,. + 0
 225              	SystemCoreClock:
 226 0000 0090D003 		.word	64000000
 227              		.section	.data.SystemD2Clock,"aw"
 228              		.align	2
 229              		.set	.LANCHOR2,. + 0
 232              	SystemD2Clock:
 233 0000 0090D003 		.word	64000000
 234              		.section	.rodata.D1CorePrescTable,"a"
 235              		.align	2
 236              		.set	.LANCHOR0,. + 0
ARM GAS  C:\Users\Andrew\AppData\Local\Temp\ccoxqxB7.s 			page 5


 239              	D1CorePrescTable:
 240 0000 00000000 		.ascii	"\000\000\000\000\001\002\003\004\001\002\003\004\006"
 240      01020304 
 240      01020304 
 240      06
 241 000d 070809   		.ascii	"\007\010\011"
 242              		.ident	"GCC: (GNU Tools for Arm Embedded Processors 9-2019-q4-major) 9.2.1 20191025 (release) [ARM
ARM GAS  C:\Users\Andrew\AppData\Local\Temp\ccoxqxB7.s 			page 6


DEFINED SYMBOLS
                            *ABS*:00000000 system_stm32h7xx.c
C:\Users\Andrew\AppData\Local\Temp\ccoxqxB7.s:15     .text.SystemInit:00000000 $t
C:\Users\Andrew\AppData\Local\Temp\ccoxqxB7.s:24     .text.SystemInit:00000000 SystemInit
C:\Users\Andrew\AppData\Local\Temp\ccoxqxB7.s:76     .text.SystemInit:00000068 $d
C:\Users\Andrew\AppData\Local\Temp\ccoxqxB7.s:84     .text.SystemCoreClockUpdate:00000000 $t
C:\Users\Andrew\AppData\Local\Temp\ccoxqxB7.s:92     .text.SystemCoreClockUpdate:00000000 SystemCoreClockUpdate
C:\Users\Andrew\AppData\Local\Temp\ccoxqxB7.s:206    .text.SystemCoreClockUpdate:00000128 $d
C:\Users\Andrew\AppData\Local\Temp\ccoxqxB7.s:239    .rodata.D1CorePrescTable:00000000 D1CorePrescTable
C:\Users\Andrew\AppData\Local\Temp\ccoxqxB7.s:232    .data.SystemD2Clock:00000000 SystemD2Clock
C:\Users\Andrew\AppData\Local\Temp\ccoxqxB7.s:225    .data.SystemCoreClock:00000000 SystemCoreClock
C:\Users\Andrew\AppData\Local\Temp\ccoxqxB7.s:221    .data.SystemCoreClock:00000000 $d
C:\Users\Andrew\AppData\Local\Temp\ccoxqxB7.s:228    .data.SystemD2Clock:00000000 $d
C:\Users\Andrew\AppData\Local\Temp\ccoxqxB7.s:235    .rodata.D1CorePrescTable:00000000 $d

NO UNDEFINED SYMBOLS
