ARM GAS  C:\Users\Andrew\AppData\Local\Temp\ccgfwrap.s 			page 1


   1              		.cpu cortex-m7
   2              		.eabi_attribute 28, 1
   3              		.eabi_attribute 20, 1
   4              		.eabi_attribute 21, 1
   5              		.eabi_attribute 23, 3
   6              		.eabi_attribute 24, 1
   7              		.eabi_attribute 25, 1
   8              		.eabi_attribute 26, 1
   9              		.eabi_attribute 30, 2
  10              		.eabi_attribute 34, 1
  11              		.eabi_attribute 18, 4
  12              		.file	"simple_bypass.c"
  13              		.text
  14              		.section	.text.Callback,"ax",%progbits
  15              		.align	1
  16              		.p2align 2,,3
  17              		.arch armv7e-m
  18              		.syntax unified
  19              		.thumb
  20              		.thumb_func
  21              		.fpu fpv5-d16
  23              	Callback:
  24              		@ args = 0, pretend = 0, frame = 0
  25              		@ frame_needed = 0, uses_anonymous_args = 0
  26              		@ link register save eliminated.
  27 0000 0B46     		mov	r3, r1
  28 0002 9200     		lsls	r2, r2, #2
  29 0004 0146     		mov	r1, r0
  30 0006 1846     		mov	r0, r3
  31 0008 FFF7FEBF 		b	memcpy
  33              		.section	.text.startup.main,"ax",%progbits
  34              		.align	1
  35              		.p2align 2,,3
  36              		.global	main
  37              		.syntax unified
  38              		.thumb
  39              		.thumb_func
  40              		.fpu fpv5-d16
  42              	main:
  43              		@ args = 0, pretend = 0, frame = 0
  44              		@ frame_needed = 0, uses_anonymous_args = 0
  45 0000 08B5     		push	{r3, lr}
  46 0002 0120     		movs	r0, #1
  47 0004 FFF7FEFF 		bl	dsy_system_init
  48 0008 0122     		movs	r2, #1
  49 000a 0021     		movs	r1, #0
  50 000c 1046     		mov	r0, r2
  51 000e FFF7FEFF 		bl	dsy_audio_init
  52 0012 0020     		movs	r0, #0
  53 0014 0349     		ldr	r1, .L6
  54 0016 FFF7FEFF 		bl	dsy_audio_set_callback
  55 001a 0020     		movs	r0, #0
  56 001c FFF7FEFF 		bl	dsy_audio_start
  57              	.L4:
  58 0020 FEE7     		b	.L4
  59              	.L7:
  60 0022 00BF     		.align	2
ARM GAS  C:\Users\Andrew\AppData\Local\Temp\ccgfwrap.s 			page 2


  61              	.L6:
  62 0024 00000000 		.word	Callback
  64              		.ident	"GCC: (GNU Tools for Arm Embedded Processors 8-2019-q3-update) 8.3.1 20190703 (release) [gc
ARM GAS  C:\Users\Andrew\AppData\Local\Temp\ccgfwrap.s 			page 3


DEFINED SYMBOLS
                            *ABS*:00000000 simple_bypass.c
C:\Users\Andrew\AppData\Local\Temp\ccgfwrap.s:15     .text.Callback:00000000 $t
C:\Users\Andrew\AppData\Local\Temp\ccgfwrap.s:23     .text.Callback:00000000 Callback
C:\Users\Andrew\AppData\Local\Temp\ccgfwrap.s:34     .text.startup.main:00000000 $t
C:\Users\Andrew\AppData\Local\Temp\ccgfwrap.s:42     .text.startup.main:00000000 main
C:\Users\Andrew\AppData\Local\Temp\ccgfwrap.s:62     .text.startup.main:00000024 $d

UNDEFINED SYMBOLS
memcpy
dsy_system_init
dsy_audio_init
dsy_audio_set_callback
dsy_audio_start
