ARM GAS  C:\Users\Andrew\AppData\Local\Temp\cckBgnv6.s 			page 1


   1              		.cpu cortex-m7
   2              		.eabi_attribute 28, 1
   3              		.eabi_attribute 20, 1
   4              		.eabi_attribute 21, 1
   5              		.eabi_attribute 23, 3
   6              		.eabi_attribute 24, 1
   7              		.eabi_attribute 25, 1
   8              		.eabi_attribute 26, 1
   9              		.eabi_attribute 30, 2
  10              		.eabi_attribute 34, 1
  11              		.eabi_attribute 18, 4
  12              		.file	"svf.c"
  13              		.text
  14              		.section	.text.audioCallback,"ax",%progbits
  15              		.align	1
  16              		.p2align 2,,3
  17              		.arch armv7e-m
  18              		.syntax unified
  19              		.thumb
  20              		.thumb_func
  21              		.fpu fpv5-d16
  23              	audioCallback:
  24              		@ args = 0, pretend = 0, frame = 8
  25              		@ frame_needed = 0, uses_anonymous_args = 0
  26 0000 CAB3     		cbz	r2, .L9
  27 0002 013A     		subs	r2, r2, #1
  28 0004 F0B5     		push	{r4, r5, r6, r7, lr}
  29 0006 5208     		lsrs	r2, r2, #1
  30 0008 01F10807 		add	r7, r1, #8
  31 000c 0D46     		mov	r5, r1
  32 000e 0646     		mov	r6, r0
  33 0010 07EBC207 		add	r7, r7, r2, lsl #3
  34 0014 184C     		ldr	r4, .L13
  35 0016 2DED048B 		vpush.64	{d8, d9}
  36 001a 9FED189A 		vldr.32	s18, .L13+4
  37 001e 83B0     		sub	sp, sp, #12
  38 0020 DFED178A 		vldr.32	s17, .L13+8
  39 0024 9FED178A 		vldr.32	s16, .L13+12
  40              	.L3:
  41 0028 56F8083B 		ldr	r3, [r6], #8	@ float
  42 002c B0EE490A 		vmov.f32	s0, s18
  43 0030 2046     		mov	r0, r4
  44 0032 0835     		adds	r5, r5, #8
  45 0034 0193     		str	r3, [sp, #4]	@ float
  46 0036 FFF7FEFF 		bl	dsy_svf_set_fc
  47 003a B0EE680A 		vmov.f32	s0, s17
  48 003e 2046     		mov	r0, r4
  49 0040 FFF7FEFF 		bl	dsy_svf_set_res
  50 0044 B0EE480A 		vmov.f32	s0, s16
  51 0048 2046     		mov	r0, r4
  52 004a FFF7FEFF 		bl	dsy_svf_set_drive
  53 004e 01A9     		add	r1, sp, #4
  54 0050 2046     		mov	r0, r4
  55 0052 FFF7FEFF 		bl	dsy_svf_process
  56 0056 2046     		mov	r0, r4
  57 0058 FFF7FEFF 		bl	dsy_svf_low
  58 005c 2046     		mov	r0, r4
ARM GAS  C:\Users\Andrew\AppData\Local\Temp\cckBgnv6.s 			page 2


  59 005e 05ED020A 		vstr.32	s0, [r5, #-8]
  60 0062 FFF7FEFF 		bl	dsy_svf_high
  61 0066 05ED010A 		vstr.32	s0, [r5, #-4]
  62 006a BD42     		cmp	r5, r7
  63 006c DCD1     		bne	.L3
  64 006e 03B0     		add	sp, sp, #12
  65              		@ sp needed
  66 0070 BDEC048B 		vldm	sp!, {d8-d9}
  67 0074 F0BD     		pop	{r4, r5, r6, r7, pc}
  68              	.L9:
  69 0076 7047     		bx	lr
  70              	.L14:
  71              		.align	2
  72              	.L13:
  73 0078 00000000 		.word	.LANCHOR0
  74 007c 00409C45 		.word	1167867904
  75 0080 9A99993E 		.word	1050253722
  76 0084 00000000 		.word	0
  78              		.section	.text.daisy_seed_init,"ax",%progbits
  79              		.align	1
  80              		.p2align 2,,3
  81              		.global	daisy_seed_init
  82              		.syntax unified
  83              		.thumb
  84              		.thumb_func
  85              		.fpu fpv5-d16
  87              	daisy_seed_init:
  88              		@ args = 0, pretend = 0, frame = 8
  89              		@ frame_needed = 0, uses_anonymous_args = 0
  90 0000 2DE9F04F 		push	{r4, r5, r6, r7, r8, r9, r10, fp, lr}
  91 0004 0022     		movs	r2, #0
  92 0006 0446     		mov	r4, r0
  93 0008 0121     		movs	r1, #1
  94 000a 0526     		movs	r6, #5
  95 000c 4FF0020C 		mov	ip, #2
  96 0010 0427     		movs	r7, #4
  97 0012 0625     		movs	r5, #6
  98 0014 4FF00708 		mov	r8, #7
  99 0018 4FF0090E 		mov	lr, #9
 100 001c 4FF00809 		mov	r9, #8
 101 0020 4FF0030A 		mov	r10, #3
 102 0024 0A23     		movs	r3, #10
 103 0026 4FF00B0B 		mov	fp, #11
 104 002a 83B0     		sub	sp, sp, #12
 105 002c 8373     		strb	r3, [r0, #14]
 106 002e 1046     		mov	r0, r2
 107 0030 84F808E0 		strb	lr, [r4, #8]
 108 0034 04F15003 		add	r3, r4, #80
 109 0038 84F80A80 		strb	r8, [r4, #10]
 110 003c 84F80180 		strb	r8, [r4, #1]
 111 0040 2573     		strb	r5, [r4, #12]
 112 0042 E573     		strb	r5, [r4, #15]
 113 0044 2574     		strb	r5, [r4, #16]
 114 0046 84F82150 		strb	r5, [r4, #33]
 115 004a 84F811C0 		strb	ip, [r4, #17]
 116 004e 84F818C0 		strb	ip, [r4, #24]
 117 0052 84F81BC0 		strb	ip, [r4, #27]
ARM GAS  C:\Users\Andrew\AppData\Local\Temp\cckBgnv6.s 			page 3


 118 0056 2171     		strb	r1, [r4, #4]
 119 0058 A174     		strb	r1, [r4, #18]
 120 005a E270     		strb	r2, [r4, #3]
 121 005c 2270     		strb	r2, [r4]
 122 005e 2275     		strb	r2, [r4, #20]
 123 0060 A275     		strb	r2, [r4, #22]
 124 0062 6671     		strb	r6, [r4, #5]
 125 0064 E671     		strb	r6, [r4, #7]
 126 0066 6672     		strb	r6, [r4, #9]
 127 0068 E672     		strb	r6, [r4, #11]
 128 006a 6673     		strb	r6, [r4, #13]
 129 006c A670     		strb	r6, [r4, #2]
 130 006e E677     		strb	r6, [r4, #31]
 131 0070 84F80690 		strb	r9, [r4, #6]
 132 0074 A776     		strb	r7, [r4, #26]
 133 0076 2777     		strb	r7, [r4, #28]
 134 0078 6777     		strb	r7, [r4, #29]
 135 007a A777     		strb	r7, [r4, #30]
 136 007c 84F82070 		strb	r7, [r4, #32]
 137 0080 84F82270 		strb	r7, [r4, #34]
 138 0084 84F823A0 		strb	r10, [r4, #35]
 139 0088 84F819C0 		strb	ip, [r4, #25]
 140 008c 84F82650 		strb	r5, [r4, #38]
 141 0090 84F827E0 		strb	lr, [r4, #39]
 142 0094 84F829C0 		strb	ip, [r4, #41]
 143 0098 84F832E0 		strb	lr, [r4, #50]
 144 009c 04F1580E 		add	lr, r4, #88
 145 00a0 84F83580 		strb	r8, [r4, #53]
 146 00a4 84F83B50 		strb	r5, [r4, #59]
 147 00a8 0DEB0105 		add	r5, sp, r1
 148 00ac 84F83CC0 		strb	ip, [r4, #60]
 149 00b0 E174     		strb	r1, [r4, #19]
 150 00b2 6275     		strb	r2, [r4, #21]
 151 00b4 E175     		strb	r1, [r4, #23]
 152 00b6 84F82420 		strb	r2, [r4, #36]
 153 00ba 84F82510 		strb	r1, [r4, #37]
 154 00be 84F82820 		strb	r2, [r4, #40]
 155 00c2 84F82AA0 		strb	r10, [r4, #42]
 156 00c6 84F82C20 		strb	r2, [r4, #44]
 157 00ca 84F82D20 		strb	r2, [r4, #45]
 158 00ce 84F82E20 		strb	r2, [r4, #46]
 159 00d2 84F83310 		strb	r1, [r4, #51]
 160 00d6 84F82F10 		strb	r1, [r4, #47]
 161 00da 84F83090 		strb	r9, [r4, #48]
 162 00de 84F83110 		strb	r1, [r4, #49]
 163 00e2 84F83410 		strb	r1, [r4, #52]
 164 00e6 84F83910 		strb	r1, [r4, #57]
 165 00ea 84F83670 		strb	r7, [r4, #54]
 166 00ee 84F83710 		strb	r1, [r4, #55]
 167 00f2 84F83A20 		strb	r2, [r4, #58]
 168 00f6 84F83D60 		strb	r6, [r4, #61]
 169 00fa 84F83E10 		strb	r1, [r4, #62]
 170 00fe 84F83F10 		strb	r1, [r4, #63]
 171 0102 84F84020 		strb	r2, [r4, #64]
 172 0106 84F82BB0 		strb	fp, [r4, #43]
 173 010a 84F838B0 		strb	fp, [r4, #56]
 174 010e 84F84180 		strb	r8, [r4, #65]
ARM GAS  C:\Users\Andrew\AppData\Local\Temp\cckBgnv6.s 			page 4


 175 0112 84F842C0 		strb	ip, [r4, #66]
 176 0116 84F844C0 		strb	ip, [r4, #68]
 177 011a DFF8D480 		ldr	r8, .L21
 178 011e DFF8D4C0 		ldr	ip, .L21+4
 179 0122 84F84320 		strb	r2, [r4, #67]
 180 0126 84F84510 		strb	r1, [r4, #69]
 181 012a 84F84620 		strb	r2, [r4, #70]
 182 012e 84F847A0 		strb	r10, [r4, #71]
 183 0132 84F84820 		strb	r2, [r4, #72]
 184 0136 84F84920 		strb	r2, [r4, #73]
 185 013a 84F84A20 		strb	r2, [r4, #74]
 186 013e 84F84B10 		strb	r1, [r4, #75]
 187 0142 84F84C20 		strb	r2, [r4, #76]
 188 0146 84F84D70 		strb	r7, [r4, #77]
 189 014a 84F84E20 		strb	r2, [r4, #78]
 190 014e 84F84F60 		strb	r6, [r4, #79]
 191 0152 84F85B90 		strb	r9, [r4, #91]
 192 0156 CDE9008C 		strd	r8, ip, [sp]
 193 015a 01E0     		b	.L17
 194              	.L20:
 195 015c 15F8010B 		ldrb	r0, [r5], #1	@ zero_extendqisi2
 196              	.L17:
 197 0160 03F8010B 		strb	r0, [r3], #1
 198 0164 7345     		cmp	r3, lr
 199 0166 F9D1     		bne	.L20
 200 0168 0022     		movs	r2, #0
 201 016a 0123     		movs	r3, #1
 202 016c 0621     		movs	r1, #6
 203 016e 0720     		movs	r0, #7
 204 0170 84F85C20 		strb	r2, [r4, #92]
 205 0174 0427     		movs	r7, #4
 206 0176 84F85E20 		strb	r2, [r4, #94]
 207 017a 0526     		movs	r6, #5
 208 017c 84F86020 		strb	r2, [r4, #96]
 209 0180 0225     		movs	r5, #2
 210 0182 0E22     		movs	r2, #14
 211 0184 84F85D30 		strb	r3, [r4, #93]
 212 0188 84F86430 		strb	r3, [r4, #100]
 213 018c 84F86720 		strb	r2, [r4, #103]
 214 0190 84F86830 		strb	r3, [r4, #104]
 215 0194 84F86610 		strb	r1, [r4, #102]
 216 0198 84F86300 		strb	r0, [r4, #99]
 217 019c 84F85F70 		strb	r7, [r4, #95]
 218 01a0 84F86160 		strb	r6, [r4, #97]
 219 01a4 84F86250 		strb	r5, [r4, #98]
 220 01a8 FFF7FEFF 		bl	dsy_system_init
 221 01ac 2046     		mov	r0, r4
 222 01ae FFF7FEFF 		bl	dsy_sdram_init
 223 01b2 E01C     		adds	r0, r4, #3
 224 01b4 FFF7FEFF 		bl	dsy_qspi_init
 225 01b8 04F16200 		add	r0, r4, #98
 226 01bc FFF7FEFF 		bl	dsy_gpio_init
 227 01c0 04F16600 		add	r0, r4, #102
 228 01c4 FFF7FEFF 		bl	dsy_gpio_init
 229 01c8 04F13A00 		add	r0, r4, #58
 230 01cc FFF7FEFF 		bl	dsy_adc_init
 231 01d0 04F15C00 		add	r0, r4, #92
ARM GAS  C:\Users\Andrew\AppData\Local\Temp\cckBgnv6.s 			page 5


 232 01d4 0321     		movs	r1, #3
 233 01d6 FFF7FEFF 		bl	dsy_dac_init
 234 01da 04F12E02 		add	r2, r4, #46
 235 01de 04F13401 		add	r1, r4, #52
 236 01e2 04F11100 		add	r0, r4, #17
 237 01e6 03B0     		add	sp, sp, #12
 238              		@ sp needed
 239 01e8 BDE8F04F 		pop	{r4, r5, r6, r7, r8, r9, r10, fp, lr}
 240 01ec FFF7FEBF 		b	dsy_audio_init
 241              	.L22:
 242              		.align	2
 243              	.L21:
 244 01f0 00040305 		.word	84083712
 245 01f4 01020608 		.word	134611457
 247              		.section	.text.startup.main,"ax",%progbits
 248              		.align	1
 249              		.p2align 2,,3
 250              		.global	main
 251              		.syntax unified
 252              		.thumb
 253              		.thumb_func
 254              		.fpu fpv5-d16
 256              	main:
 257              		@ Volatile: function does not return.
 258              		@ args = 0, pretend = 0, frame = 0
 259              		@ frame_needed = 0, uses_anonymous_args = 0
 260 0000 08B5     		push	{r3, lr}
 261 0002 0948     		ldr	r0, .L26
 262 0004 FFF7FEFF 		bl	daisy_seed_init
 263 0008 9FED080A 		vldr.32	s0, .L26+4
 264 000c 0848     		ldr	r0, .L26+8
 265 000e FFF7FEFF 		bl	dsy_svf_init
 266 0012 0020     		movs	r0, #0
 267 0014 0749     		ldr	r1, .L26+12
 268 0016 FFF7FEFF 		bl	dsy_audio_set_callback
 269 001a FFF7FEFF 		bl	dsy_adc_start
 270 001e 0020     		movs	r0, #0
 271 0020 FFF7FEFF 		bl	dsy_audio_start
 272              	.L24:
 273 0024 FEE7     		b	.L24
 274              	.L27:
 275 0026 00BF     		.align	2
 276              	.L26:
 277 0028 00000000 		.word	.LANCHOR1
 278 002c 00803B47 		.word	1195081728
 279 0030 00000000 		.word	.LANCHOR0
 280 0034 00000000 		.word	audioCallback
 282              		.section	.bss.filter,"aw",%nobits
 283              		.align	2
 284              		.set	.LANCHOR0,. + 0
 287              	filter:
 288 0000 00000000 		.space	68
 288      00000000 
 288      00000000 
 288      00000000 
 288      00000000 
 289              		.section	.bss.seed,"aw",%nobits
ARM GAS  C:\Users\Andrew\AppData\Local\Temp\cckBgnv6.s 			page 6


 290              		.align	2
 291              		.set	.LANCHOR1,. + 0
 294              	seed:
 295 0000 00000000 		.space	106
 295      00000000 
 295      00000000 
 295      00000000 
 295      00000000 
 296              		.ident	"GCC: (GNU Tools for Arm Embedded Processors 8-2019-q3-update) 8.3.1 20190703 (release) [gc
ARM GAS  C:\Users\Andrew\AppData\Local\Temp\cckBgnv6.s 			page 7


DEFINED SYMBOLS
                            *ABS*:00000000 svf.c
C:\Users\Andrew\AppData\Local\Temp\cckBgnv6.s:15     .text.audioCallback:00000000 $t
C:\Users\Andrew\AppData\Local\Temp\cckBgnv6.s:23     .text.audioCallback:00000000 audioCallback
C:\Users\Andrew\AppData\Local\Temp\cckBgnv6.s:73     .text.audioCallback:00000078 $d
C:\Users\Andrew\AppData\Local\Temp\cckBgnv6.s:79     .text.daisy_seed_init:00000000 $t
C:\Users\Andrew\AppData\Local\Temp\cckBgnv6.s:87     .text.daisy_seed_init:00000000 daisy_seed_init
C:\Users\Andrew\AppData\Local\Temp\cckBgnv6.s:244    .text.daisy_seed_init:000001f0 $d
C:\Users\Andrew\AppData\Local\Temp\cckBgnv6.s:248    .text.startup.main:00000000 $t
C:\Users\Andrew\AppData\Local\Temp\cckBgnv6.s:256    .text.startup.main:00000000 main
C:\Users\Andrew\AppData\Local\Temp\cckBgnv6.s:277    .text.startup.main:00000028 $d
C:\Users\Andrew\AppData\Local\Temp\cckBgnv6.s:283    .bss.filter:00000000 $d
C:\Users\Andrew\AppData\Local\Temp\cckBgnv6.s:287    .bss.filter:00000000 filter
C:\Users\Andrew\AppData\Local\Temp\cckBgnv6.s:290    .bss.seed:00000000 $d
C:\Users\Andrew\AppData\Local\Temp\cckBgnv6.s:294    .bss.seed:00000000 seed

UNDEFINED SYMBOLS
dsy_svf_set_fc
dsy_svf_set_res
dsy_svf_set_drive
dsy_svf_process
dsy_svf_low
dsy_svf_high
dsy_system_init
dsy_sdram_init
dsy_qspi_init
dsy_gpio_init
dsy_adc_init
dsy_dac_init
dsy_audio_init
dsy_svf_init
dsy_audio_set_callback
dsy_adc_start
dsy_audio_start
