ARM GAS  C:\Users\Andrew\AppData\Local\Temp\ccc2LiAH.s 			page 1


   1              		.cpu cortex-m7
   2              		.eabi_attribute 28, 1
   3              		.eabi_attribute 20, 1
   4              		.eabi_attribute 21, 1
   5              		.eabi_attribute 23, 3
   6              		.eabi_attribute 24, 1
   7              		.eabi_attribute 25, 1
   8              		.eabi_attribute 26, 1
   9              		.eabi_attribute 30, 2
  10              		.eabi_attribute 34, 1
  11              		.eabi_attribute 18, 4
  12              		.file	"noise.c"
  13              		.text
  14              		.section	.text.audioCallback,"ax",%progbits
  15              		.align	1
  16              		.p2align 2,,3
  17              		.arch armv7e-m
  18              		.syntax unified
  19              		.thumb
  20              		.thumb_func
  21              		.fpu fpv5-d16
  23              	audioCallback:
  24              		@ args = 0, pretend = 0, frame = 0
  25              		@ frame_needed = 0, uses_anonymous_args = 0
  26 0000 B2B1     		cbz	r2, .L9
  27 0002 013A     		subs	r2, r2, #1
  28 0004 70B5     		push	{r4, r5, r6, lr}
  29 0006 5208     		lsrs	r2, r2, #1
  30 0008 01F10806 		add	r6, r1, #8
  31 000c 0C46     		mov	r4, r1
  32 000e 094D     		ldr	r5, .L13
  33 0010 06EBC206 		add	r6, r6, r2, lsl #3
  34              	.L3:
  35 0014 2846     		mov	r0, r5
  36 0016 0834     		adds	r4, r4, #8
  37 0018 FFF7FEFF 		bl	dsy_noise_process
  38 001c 2846     		mov	r0, r5
  39 001e 04ED020A 		vstr.32	s0, [r4, #-8]
  40 0022 FFF7FEFF 		bl	dsy_noise_process
  41 0026 04ED010A 		vstr.32	s0, [r4, #-4]
  42 002a B442     		cmp	r4, r6
  43 002c F2D1     		bne	.L3
  44 002e 70BD     		pop	{r4, r5, r6, pc}
  45              	.L9:
  46 0030 7047     		bx	lr
  47              	.L14:
  48 0032 00BF     		.align	2
  49              	.L13:
  50 0034 00000000 		.word	.LANCHOR0
  52              		.section	.text.daisy_seed_init,"ax",%progbits
  53              		.align	1
  54              		.p2align 2,,3
  55              		.global	daisy_seed_init
  56              		.syntax unified
  57              		.thumb
  58              		.thumb_func
  59              		.fpu fpv5-d16
ARM GAS  C:\Users\Andrew\AppData\Local\Temp\ccc2LiAH.s 			page 2


  61              	daisy_seed_init:
  62              		@ args = 0, pretend = 0, frame = 8
  63              		@ frame_needed = 0, uses_anonymous_args = 0
  64 0000 2DE9F04F 		push	{r4, r5, r6, r7, r8, r9, r10, fp, lr}
  65 0004 0022     		movs	r2, #0
  66 0006 0446     		mov	r4, r0
  67 0008 0121     		movs	r1, #1
  68 000a 0526     		movs	r6, #5
  69 000c 4FF0020C 		mov	ip, #2
  70 0010 0427     		movs	r7, #4
  71 0012 0625     		movs	r5, #6
  72 0014 4FF00708 		mov	r8, #7
  73 0018 4FF0090E 		mov	lr, #9
  74 001c 4FF00809 		mov	r9, #8
  75 0020 4FF0030A 		mov	r10, #3
  76 0024 0A23     		movs	r3, #10
  77 0026 4FF00B0B 		mov	fp, #11
  78 002a 83B0     		sub	sp, sp, #12
  79 002c 8373     		strb	r3, [r0, #14]
  80 002e 1046     		mov	r0, r2
  81 0030 84F808E0 		strb	lr, [r4, #8]
  82 0034 04F15003 		add	r3, r4, #80
  83 0038 84F80A80 		strb	r8, [r4, #10]
  84 003c 84F80180 		strb	r8, [r4, #1]
  85 0040 2573     		strb	r5, [r4, #12]
  86 0042 E573     		strb	r5, [r4, #15]
  87 0044 2574     		strb	r5, [r4, #16]
  88 0046 84F82150 		strb	r5, [r4, #33]
  89 004a 84F811C0 		strb	ip, [r4, #17]
  90 004e 84F818C0 		strb	ip, [r4, #24]
  91 0052 84F81BC0 		strb	ip, [r4, #27]
  92 0056 2171     		strb	r1, [r4, #4]
  93 0058 A174     		strb	r1, [r4, #18]
  94 005a E270     		strb	r2, [r4, #3]
  95 005c 2270     		strb	r2, [r4]
  96 005e 2275     		strb	r2, [r4, #20]
  97 0060 A275     		strb	r2, [r4, #22]
  98 0062 6671     		strb	r6, [r4, #5]
  99 0064 E671     		strb	r6, [r4, #7]
 100 0066 6672     		strb	r6, [r4, #9]
 101 0068 E672     		strb	r6, [r4, #11]
 102 006a 6673     		strb	r6, [r4, #13]
 103 006c A670     		strb	r6, [r4, #2]
 104 006e E677     		strb	r6, [r4, #31]
 105 0070 84F80690 		strb	r9, [r4, #6]
 106 0074 A776     		strb	r7, [r4, #26]
 107 0076 2777     		strb	r7, [r4, #28]
 108 0078 6777     		strb	r7, [r4, #29]
 109 007a A777     		strb	r7, [r4, #30]
 110 007c 84F82070 		strb	r7, [r4, #32]
 111 0080 84F82270 		strb	r7, [r4, #34]
 112 0084 84F823A0 		strb	r10, [r4, #35]
 113 0088 84F819C0 		strb	ip, [r4, #25]
 114 008c 84F82650 		strb	r5, [r4, #38]
 115 0090 84F827E0 		strb	lr, [r4, #39]
 116 0094 84F829C0 		strb	ip, [r4, #41]
 117 0098 84F832E0 		strb	lr, [r4, #50]
ARM GAS  C:\Users\Andrew\AppData\Local\Temp\ccc2LiAH.s 			page 3


 118 009c 04F1580E 		add	lr, r4, #88
 119 00a0 84F83580 		strb	r8, [r4, #53]
 120 00a4 84F83B50 		strb	r5, [r4, #59]
 121 00a8 0DEB0105 		add	r5, sp, r1
 122 00ac 84F83CC0 		strb	ip, [r4, #60]
 123 00b0 E174     		strb	r1, [r4, #19]
 124 00b2 6275     		strb	r2, [r4, #21]
 125 00b4 E175     		strb	r1, [r4, #23]
 126 00b6 84F82420 		strb	r2, [r4, #36]
 127 00ba 84F82510 		strb	r1, [r4, #37]
 128 00be 84F82820 		strb	r2, [r4, #40]
 129 00c2 84F82AA0 		strb	r10, [r4, #42]
 130 00c6 84F82C20 		strb	r2, [r4, #44]
 131 00ca 84F82D20 		strb	r2, [r4, #45]
 132 00ce 84F82E20 		strb	r2, [r4, #46]
 133 00d2 84F83310 		strb	r1, [r4, #51]
 134 00d6 84F82F10 		strb	r1, [r4, #47]
 135 00da 84F83090 		strb	r9, [r4, #48]
 136 00de 84F83110 		strb	r1, [r4, #49]
 137 00e2 84F83410 		strb	r1, [r4, #52]
 138 00e6 84F83910 		strb	r1, [r4, #57]
 139 00ea 84F83670 		strb	r7, [r4, #54]
 140 00ee 84F83710 		strb	r1, [r4, #55]
 141 00f2 84F83A20 		strb	r2, [r4, #58]
 142 00f6 84F83D60 		strb	r6, [r4, #61]
 143 00fa 84F83E10 		strb	r1, [r4, #62]
 144 00fe 84F83F10 		strb	r1, [r4, #63]
 145 0102 84F84020 		strb	r2, [r4, #64]
 146 0106 84F82BB0 		strb	fp, [r4, #43]
 147 010a 84F838B0 		strb	fp, [r4, #56]
 148 010e 84F84180 		strb	r8, [r4, #65]
 149 0112 84F842C0 		strb	ip, [r4, #66]
 150 0116 84F844C0 		strb	ip, [r4, #68]
 151 011a DFF8D480 		ldr	r8, .L21
 152 011e DFF8D4C0 		ldr	ip, .L21+4
 153 0122 84F84320 		strb	r2, [r4, #67]
 154 0126 84F84510 		strb	r1, [r4, #69]
 155 012a 84F84620 		strb	r2, [r4, #70]
 156 012e 84F847A0 		strb	r10, [r4, #71]
 157 0132 84F84820 		strb	r2, [r4, #72]
 158 0136 84F84920 		strb	r2, [r4, #73]
 159 013a 84F84A20 		strb	r2, [r4, #74]
 160 013e 84F84B10 		strb	r1, [r4, #75]
 161 0142 84F84C20 		strb	r2, [r4, #76]
 162 0146 84F84D70 		strb	r7, [r4, #77]
 163 014a 84F84E20 		strb	r2, [r4, #78]
 164 014e 84F84F60 		strb	r6, [r4, #79]
 165 0152 84F85B90 		strb	r9, [r4, #91]
 166 0156 CDE9008C 		strd	r8, ip, [sp]
 167 015a 01E0     		b	.L17
 168              	.L20:
 169 015c 15F8010B 		ldrb	r0, [r5], #1	@ zero_extendqisi2
 170              	.L17:
 171 0160 03F8010B 		strb	r0, [r3], #1
 172 0164 7345     		cmp	r3, lr
 173 0166 F9D1     		bne	.L20
 174 0168 0022     		movs	r2, #0
ARM GAS  C:\Users\Andrew\AppData\Local\Temp\ccc2LiAH.s 			page 4


 175 016a 0123     		movs	r3, #1
 176 016c 0621     		movs	r1, #6
 177 016e 0720     		movs	r0, #7
 178 0170 84F85C20 		strb	r2, [r4, #92]
 179 0174 0427     		movs	r7, #4
 180 0176 84F85E20 		strb	r2, [r4, #94]
 181 017a 0526     		movs	r6, #5
 182 017c 84F86020 		strb	r2, [r4, #96]
 183 0180 0225     		movs	r5, #2
 184 0182 0E22     		movs	r2, #14
 185 0184 84F85D30 		strb	r3, [r4, #93]
 186 0188 84F86430 		strb	r3, [r4, #100]
 187 018c 84F86720 		strb	r2, [r4, #103]
 188 0190 84F86830 		strb	r3, [r4, #104]
 189 0194 84F86610 		strb	r1, [r4, #102]
 190 0198 84F86300 		strb	r0, [r4, #99]
 191 019c 84F85F70 		strb	r7, [r4, #95]
 192 01a0 84F86160 		strb	r6, [r4, #97]
 193 01a4 84F86250 		strb	r5, [r4, #98]
 194 01a8 FFF7FEFF 		bl	dsy_system_init
 195 01ac 2046     		mov	r0, r4
 196 01ae FFF7FEFF 		bl	dsy_sdram_init
 197 01b2 E01C     		adds	r0, r4, #3
 198 01b4 FFF7FEFF 		bl	dsy_qspi_init
 199 01b8 04F16200 		add	r0, r4, #98
 200 01bc FFF7FEFF 		bl	dsy_gpio_init
 201 01c0 04F16600 		add	r0, r4, #102
 202 01c4 FFF7FEFF 		bl	dsy_gpio_init
 203 01c8 04F13A00 		add	r0, r4, #58
 204 01cc FFF7FEFF 		bl	dsy_adc_init
 205 01d0 04F15C00 		add	r0, r4, #92
 206 01d4 0321     		movs	r1, #3
 207 01d6 FFF7FEFF 		bl	dsy_dac_init
 208 01da 04F12E02 		add	r2, r4, #46
 209 01de 04F13401 		add	r1, r4, #52
 210 01e2 04F11100 		add	r0, r4, #17
 211 01e6 03B0     		add	sp, sp, #12
 212              		@ sp needed
 213 01e8 BDE8F04F 		pop	{r4, r5, r6, r7, r8, r9, r10, fp, lr}
 214 01ec FFF7FEBF 		b	dsy_audio_init
 215              	.L22:
 216              		.align	2
 217              	.L21:
 218 01f0 00040305 		.word	84083712
 219 01f4 01020608 		.word	134611457
 221              		.section	.text.startup.main,"ax",%progbits
 222              		.align	1
 223              		.p2align 2,,3
 224              		.global	main
 225              		.syntax unified
 226              		.thumb
 227              		.thumb_func
 228              		.fpu fpv5-d16
 230              	main:
 231              		@ Volatile: function does not return.
 232              		@ args = 0, pretend = 0, frame = 0
 233              		@ frame_needed = 0, uses_anonymous_args = 0
ARM GAS  C:\Users\Andrew\AppData\Local\Temp\ccc2LiAH.s 			page 5


 234 0000 08B5     		push	{r3, lr}
 235 0002 0748     		ldr	r0, .L26
 236 0004 FFF7FEFF 		bl	daisy_seed_init
 237 0008 0648     		ldr	r0, .L26+4
 238 000a FFF7FEFF 		bl	dsy_noise_init
 239 000e 0020     		movs	r0, #0
 240 0010 0549     		ldr	r1, .L26+8
 241 0012 FFF7FEFF 		bl	dsy_audio_set_callback
 242 0016 0020     		movs	r0, #0
 243 0018 FFF7FEFF 		bl	dsy_audio_start
 244              	.L24:
 245 001c FEE7     		b	.L24
 246              	.L27:
 247 001e 00BF     		.align	2
 248              	.L26:
 249 0020 00000000 		.word	.LANCHOR1
 250 0024 00000000 		.word	.LANCHOR0
 251 0028 00000000 		.word	audioCallback
 253              		.section	.bss.noise_gen,"aw",%nobits
 254              		.align	2
 255              		.set	.LANCHOR0,. + 0
 258              	noise_gen:
 259 0000 00000000 		.space	8
 259      00000000 
 260              		.section	.bss.seed,"aw",%nobits
 261              		.align	2
 262              		.set	.LANCHOR1,. + 0
 265              	seed:
 266 0000 00000000 		.space	106
 266      00000000 
 266      00000000 
 266      00000000 
 266      00000000 
 267              		.ident	"GCC: (GNU Tools for Arm Embedded Processors 8-2019-q3-update) 8.3.1 20190703 (release) [gc
ARM GAS  C:\Users\Andrew\AppData\Local\Temp\ccc2LiAH.s 			page 6


DEFINED SYMBOLS
                            *ABS*:00000000 noise.c
C:\Users\Andrew\AppData\Local\Temp\ccc2LiAH.s:15     .text.audioCallback:00000000 $t
C:\Users\Andrew\AppData\Local\Temp\ccc2LiAH.s:23     .text.audioCallback:00000000 audioCallback
C:\Users\Andrew\AppData\Local\Temp\ccc2LiAH.s:50     .text.audioCallback:00000034 $d
C:\Users\Andrew\AppData\Local\Temp\ccc2LiAH.s:53     .text.daisy_seed_init:00000000 $t
C:\Users\Andrew\AppData\Local\Temp\ccc2LiAH.s:61     .text.daisy_seed_init:00000000 daisy_seed_init
C:\Users\Andrew\AppData\Local\Temp\ccc2LiAH.s:218    .text.daisy_seed_init:000001f0 $d
C:\Users\Andrew\AppData\Local\Temp\ccc2LiAH.s:222    .text.startup.main:00000000 $t
C:\Users\Andrew\AppData\Local\Temp\ccc2LiAH.s:230    .text.startup.main:00000000 main
C:\Users\Andrew\AppData\Local\Temp\ccc2LiAH.s:249    .text.startup.main:00000020 $d
C:\Users\Andrew\AppData\Local\Temp\ccc2LiAH.s:254    .bss.noise_gen:00000000 $d
C:\Users\Andrew\AppData\Local\Temp\ccc2LiAH.s:258    .bss.noise_gen:00000000 noise_gen
C:\Users\Andrew\AppData\Local\Temp\ccc2LiAH.s:261    .bss.seed:00000000 $d
C:\Users\Andrew\AppData\Local\Temp\ccc2LiAH.s:265    .bss.seed:00000000 seed

UNDEFINED SYMBOLS
dsy_noise_process
dsy_system_init
dsy_sdram_init
dsy_qspi_init
dsy_gpio_init
dsy_adc_init
dsy_dac_init
dsy_audio_init
dsy_noise_init
dsy_audio_set_callback
dsy_audio_start
